Started building sites ...
Built site for language en:
0 draft content
0 future content
0 expired content
5 regular pages created
10 other pages created
0 non-page files copied
0 paginator pages created
0 categories created
0 tags created
total in 11 ms
Watching for changes in /tmp/rundgl/docsrc/{content,static,themes}
Serving pages from memory
Web Server is available at http://172.17.0.1:1313/ (bind address 127.0.0.1)
Press Ctrl+C to stop
Started building sites ...
Built site for language en:
0 draft content
0 future content
0 expired content
5 regular pages created
10 other pages created
0 non-page files copied
0 paginator pages created
0 tags created
0 categories created
total in 10 ms
Watching for changes in /tmp/rundgl/docsrc/{content,static,themes}
Serving pages from memory
Web Server is available at http://172.17.0.1:1313/ (bind address 127.0.0.1)
Press Ctrl+C to stop
Started building sites ...
Built site for language en:
0 draft content
0 future content
0 expired content
5 regular pages created
10 other pages created
0 non-page files copied
0 paginator pages created
0 tags created
0 categories created
total in 10 ms
Watching for changes in /tmp/rundgl/docsrc/{content,static,themes}
Serving pages from memory
Web Server is available at http://172.17.0.1:1313/ (bind address 127.0.0.1)
Press Ctrl+C to stop
Started building sites ...
Built site for language en:
0 draft content
0 future content
0 expired content
5 regular pages created
10 other pages created
0 non-page files copied
0 paginator pages created
0 tags created
0 categories created
total in 9 ms
Watching for changes in /tmp/rundgl/docsrc/{content,static,themes}
Serving pages from memory
Web Server is available at http://54.187.108.134:1313/ (bind address 127.0.0.1)
Press Ctrl+C to stop
Started building sites ...
Built site for language en:
0 draft content
0 future content
0 expired content
5 regular pages created
10 other pages created
0 non-page files copied
0 paginator pages created
0 tags created
0 categories created
total in 10 ms
Watching for changes in /tmp/rundgl/docsrc/{content,static,themes}
Serving pages from memory
Web Server is available at http://54.187.108.134:1313/ (bind address 0.0.0.0)
Press Ctrl+C to stop
